
selecting free text in all drugs
8257 drugs selected from a total of 8257
5597931 total words
text dumped in pickle file

selecting free text from drugs with only groups: approved
1468 drugs selected from a total of 8257
2797982 total words
text dumped in pickle file

selecting free text from drugs with only groups: approved
1468 drugs selected from a total of 8257
5129279 total words
text dumped in pickle file

selecting free text from drugs with only groups: approved
1468 drugs selected from a total of 8257
5129279 total words
text dumped in pickle file
18115distinct words in the text
data, count, dictionary and reverse_dictionary dumped in pickle files

selecting free text in all drugs
8257 drugs selected from a total of 8257
9954916 total words
text dumped in pickle file
26644distinct words in the text
data, count, dictionary and reverse_dictionary dumped in pickle files

selecting free text from drugs with only groups: approved
1468 drugs selected from a total of 8257
5129279 total words
text dumped in pickle file
18115distinct words in the text
data, count, dictionary and reverse_dictionary dumped in pickle files

selecting free text from drugs with only groups: approved
100 drugs selected from 1468 fulfilling conditions in a total of 8257
318365 total words
text dumped in pickle file
6193distinct words in the text
data, count, dictionary and reverse_dictionary dumped in pickle files

selecting free text in all drugs
8257 drugs selected from 8257 fulfilling conditions in a total of 8257
9954916 total words
text dumped in pickle file
26644distinct words in the text
data, count, dictionary and reverse_dictionary dumped in pickle files

selecting free text in all drugs
8257 drugs selected from 8257 fulfilling conditions in a total of 8257
9954916 total words
text dumped in pickle file
26644 distinct words in the text
data, count, dictionary and reverse_dictionary dumped in pickle files

selecting free text in all drugs
8257 drugs selected from 8257 fulfilling conditions in a total of 8257
9954916 total words
text dumped in pickle file
26644 distinct words in the text
data, count, dictionary and reverse_dictionary dumped in pickle files

selecting free text in all drugs
8257 drugs selected from 8257 fulfilling conditions in a total of 8257
9954916 total words
text dumped in pickle file
26644 distinct words in the text
data, count, dictionary and reverse_dictionary dumped in pickle files

selecting free text in all drugs

selecting free text in all drugs

selecting free text in all drugs
8257 drugs selected from 8257 fulfilling conditions in a total of 8257
9825975 total words
text dumped in pickle file
27016 distinct words in the text
data, count, dictionary and reverse_dictionary dumped in pickle files

selecting free text from drugs with only groups: approved
1468 drugs selected from 1468 fulfilling conditions in a total of 8257
5073908 total words
text dumped in pickle file
18286 distinct words in the text
data, count, dictionary and reverse_dictionary dumped in pickle files
