
only_approved reverse dictionary loaded
drug names loaded
final_embeddings_only_approved_skip-gram_16_2_1 loaded
final_embeddings_only_approved_skip-gram_16_2_1 filtered
final_embeddings_only_approved_skip-gram_16_2_1_filter_drugs saved
drugbank_words_only_approved_reverse_dictionary_filter_drugs saved 

only_approved reverse dictionary loaded
drug names loaded
final_embeddings_only_approved_skip-gram_32_2_1 loaded
final_embeddings_only_approved_skip-gram_32_2_1 filtered
final_embeddings_only_approved_skip-gram_32_2_1_filter_drugs saved
drugbank_words_only_approved_reverse_dictionary_filter_drugs saved 

only_approved reverse dictionary loaded
drug names loaded
final_embeddings_only_approved_skip-gram_64_2_1 loaded
final_embeddings_only_approved_skip-gram_64_2_1 filtered
final_embeddings_only_approved_skip-gram_64_2_1_filter_drugs saved

only_approved reverse dictionary loaded
drug names loaded
final_embeddings_only_approved_skip-gram_128_2_1 loaded
final_embeddings_only_approved_skip-gram_128_2_1 filtered
final_embeddings_only_approved_skip-gram_128_2_1_filter_drugs saved

only_approved reverse dictionary loaded
drug names loaded
final_embeddings_only_approved_skip-gram_32_4_2 loaded
final_embeddings_only_approved_skip-gram_32_4_2 filtered
final_embeddings_only_approved_skip-gram_32_4_2_filter_drugs saved

only_approved reverse dictionary loaded
drug names loaded
final_embeddings_only_approved_skip-gram_64_4_2 loaded
final_embeddings_only_approved_skip-gram_64_4_2 filtered
final_embeddings_only_approved_skip-gram_64_4_2_filter_drugs saved

only_approved reverse dictionary loaded
drug names loaded
final_embeddings_only_approved_skip-gram_128_4_2 loaded
final_embeddings_only_approved_skip-gram_128_4_2 filtered
final_embeddings_only_approved_skip-gram_128_4_2_filter_drugs saved

only_approved reverse dictionary loaded
drug names loaded
final_embeddings_only_approved_skip-gram_256_4_2 loaded
final_embeddings_only_approved_skip-gram_256_4_2 filtered
final_embeddings_only_approved_skip-gram_256_4_2_filter_drugs saved

only_approved reverse dictionary loaded
drug names loaded
final_embeddings_only_approved_skip-gram_64_8_4 loaded
final_embeddings_only_approved_skip-gram_64_8_4 filtered
final_embeddings_only_approved_skip-gram_64_8_4_filter_drugs saved

only_approved reverse dictionary loaded
drug names loaded
final_embeddings_only_approved_skip-gram_128_8_4 loaded
final_embeddings_only_approved_skip-gram_128_8_4 filtered
final_embeddings_only_approved_skip-gram_128_8_4_filter_drugs saved

only_approved reverse dictionary loaded
drug names loaded
final_embeddings_only_approved_skip-gram_256_8_4 loaded
final_embeddings_only_approved_skip-gram_256_8_4 filtered
final_embeddings_only_approved_skip-gram_256_8_4_filter_drugs saved

only_approved reverse dictionary loaded
drug names loaded
final_embeddings_only_approved_skip-gram_512_8_4 loaded
final_embeddings_only_approved_skip-gram_512_8_4 filtered
final_embeddings_only_approved_skip-gram_512_8_4_filter_drugs saved

only_approved reverse dictionary loaded
drug names loaded
final_embeddings_only_approved_skip-gram_16_4_2 loaded
final_embeddings_only_approved_skip-gram_16_4_2 filtered
final_embeddings_only_approved_skip-gram_16_4_2_filter_drug_names_only_approved_100 saved
drugbank_words_only_approved_reverse_dictionary_filter_drug_names_only_approved_100 saved 

only_approved reverse dictionary loaded
drug names loaded
final_embeddings_only_approved_skip-gram_32_4_2 loaded
final_embeddings_only_approved_skip-gram_32_4_2 filtered
final_embeddings_only_approved_skip-gram_32_4_2_filter_drug_names_only_approved_100 saved

only_approved reverse dictionary loaded
drug names loaded
final_embeddings_only_approved_skip-gram_64_4_2 loaded
final_embeddings_only_approved_skip-gram_64_4_2 filtered
final_embeddings_only_approved_skip-gram_64_4_2_filter_drug_names_only_approved_100 saved

only_approved reverse dictionary loaded
drug names loaded
final_embeddings_only_approved_skip-gram_128_4_2 loaded
final_embeddings_only_approved_skip-gram_128_4_2 filtered
final_embeddings_only_approved_skip-gram_128_4_2_filter_drug_names_only_approved_100 saved

all reverse dictionary loaded
drug names loaded
final_embeddings_all_skip-gram_32_4_2 loaded
final_embeddings_all_skip-gram_32_4_2 filtered
final_embeddings_all_skip-gram_32_4_2_filter_concatenated_drug_names_all_100 saved

all reverse dictionary loaded
drug names loaded
final_embeddings_all_skip-gram_64_4_2 loaded
final_embeddings_all_skip-gram_64_4_2 filtered
final_embeddings_all_skip-gram_64_4_2_filter_concatenated_drug_names_all_100 saved

all reverse dictionary loaded
drug names loaded
final_embeddings_all_skip-gram_64_4_2 loaded
final_embeddings_all_skip-gram_64_4_2 filtered
final_embeddings_all_skip-gram_64_4_2_filter_concatenated_drug_names_all_100 saved
drugbank_words_all_reverse_dictionary_filter_concatenated_drug_names_all_100 saved 

all reverse dictionary loaded
drug names loaded
final_embeddings_all_skip-gram_32_4_2 loaded
final_embeddings_all_skip-gram_32_4_2 filtered
final_embeddings_all_skip-gram_32_4_2_filter_concatenated_drug_names_all_100 saved
drugbank_words_all_reverse_dictionary_filter_concatenated_drug_names_all_100 saved 

all reverse dictionary loaded
drug names loaded
final_embeddings_all_skip-gram_32_4_2 loaded
final_embeddings_all_skip-gram_32_4_2 filtered
final_embeddings_all_skip-gram_32_4_2_filter_concatenated_drug_names_all_100 saved
drugbank_words_all_reverse_dictionary_filter_concatenated_drug_names_all_100 saved 

all reverse dictionary loaded
drug names loaded
final_embeddings_all_skip-gram_32_4_2 loaded
final_embeddings_all_skip-gram_32_4_2 filtered
final_embeddings_all_skip-gram_32_4_2_filter_concatenated_drug_names_all_100 saved
drugbank_words_all_reverse_dictionary_filter_concatenated_drug_names_all_100 saved 

all reverse dictionary loaded
drug names loaded
final_embeddings_all_skip-gram_32_4_2 loaded
final_embeddings_all_skip-gram_32_4_2 filtered
final_embeddings_all_skip-gram_32_4_2_filter_concatenated_drug_names_all_100 saved
drugbank_words_all_reverse_dictionary_filter_concatenated_drug_names_all_100 saved 

only_approved reverse dictionary loaded
drug names loaded
final_embeddings_only_approved_skip-gram_32_4_2 loaded
final_embeddings_only_approved_skip-gram_32_4_2 filtered
final_embeddings_only_approved_skip-gram_32_4_2_filter_concatenated_drug_names_only_approved_100 saved
drugbank_words_only_approved_reverse_dictionary_filter_concatenated_drug_names_only_approved_100 saved 

all reverse dictionary loaded
drug names loaded
final_embeddings_all_skip-gram_32_4_2 loaded
final_embeddings_all_skip-gram_32_4_2 filtered
final_embeddings_all_skip-gram_32_4_2_filter_concatenated_drug_names_all_1000 saved
drugbank_words_all_reverse_dictionary_filter_concatenated_drug_names_all_1000 saved 

all reverse dictionary loaded
drug names loaded
final_embeddings_all_skip-gram_32_4_2 loaded
final_embeddings_all_skip-gram_32_4_2 filtered
final_embeddings_all_skip-gram_32_4_2_filter_concatenated_drug_names_all_500 saved
drugbank_words_all_reverse_dictionary_filter_concatenated_drug_names_all_500 saved 

all reverse dictionary loaded
drug names loaded

all reverse dictionary loaded
drug names loaded
final_embeddings_all_skip-gram_64_8_4 loaded
final_embeddings_all_skip-gram_64_8_4 filtered
final_embeddings_all_skip-gram_64_8_4_filter_concatenated_drug_names_all_500 saved
drugbank_words_all_reverse_dictionary_filter_concatenated_drug_names_all_500 saved 

all reverse dictionary loaded
drug names loaded
final_embeddings_all_skip-gram_128_8_4 loaded
final_embeddings_all_skip-gram_128_8_4 filtered
final_embeddings_all_skip-gram_128_8_4_filter_concatenated_drug_names_all_500 saved
